C:\USERS\MARIE\GOOGLE DRIVE\POLY\2E SESSION\INF1010\INF1010 TP1\INF1010 TP1\DEBUG\COFFRET.OBJ
C:\USERS\MARIE\GOOGLE DRIVE\POLY\2E SESSION\INF1010\INF1010 TP1\INF1010 TP1\DEBUG\DATE.OBJ
C:\USERS\MARIE\GOOGLE DRIVE\POLY\2E SESSION\INF1010\INF1010 TP1\INF1010 TP1\DEBUG\FILM.OBJ
C:\USERS\MARIE\GOOGLE DRIVE\POLY\2E SESSION\INF1010\INF1010 TP1\INF1010 TP1\DEBUG\MAIN.OBJ
C:\USERS\MARIE\GOOGLE DRIVE\POLY\2E SESSION\INF1010\INF1010 TP1\INF1010 TP1\DEBUG\VIDEOTHEQUE.OBJ
C:\USERS\MARIE\GOOGLE DRIVE\POLY\2E SESSION\INF1010\INF1010 TP1\INF1010 TP1\DEBUG\VC110.PDB
C:\USERS\MARIE\GOOGLE DRIVE\POLY\2E SESSION\INF1010\INF1010 TP1\DEBUG\INF1010 TP1.ILK
C:\USERS\MARIE\GOOGLE DRIVE\POLY\2E SESSION\INF1010\INF1010 TP1\DEBUG\INF1010 TP1.EXE
C:\USERS\MARIE\GOOGLE DRIVE\POLY\2E SESSION\INF1010\INF1010 TP1\DEBUG\INF1010 TP1.PDB
C:\Users\Marie\Google Drive\Poly\2e session\Inf1010\INF1010 TP1\INF1010 TP1\Debug\Coffret.obj
C:\Users\Marie\Google Drive\Poly\2e session\Inf1010\INF1010 TP1\INF1010 TP1\Debug\Date.obj
C:\Users\Marie\Google Drive\Poly\2e session\Inf1010\INF1010 TP1\INF1010 TP1\Debug\Film.obj
C:\Users\Marie\Google Drive\Poly\2e session\Inf1010\INF1010 TP1\INF1010 TP1\Debug\main.obj
C:\Users\Marie\Google Drive\Poly\2e session\Inf1010\INF1010 TP1\INF1010 TP1\Debug\Videotheque.obj
C:\Users\Marie\Google Drive\Poly\2e session\Inf1010\INF1010 TP1\INF1010 TP1\Debug\cl.command.1.tlog
C:\Users\Marie\Google Drive\Poly\2e session\Inf1010\INF1010 TP1\INF1010 TP1\Debug\CL.read.1.tlog
C:\Users\Marie\Google Drive\Poly\2e session\Inf1010\INF1010 TP1\INF1010 TP1\Debug\CL.write.1.tlog
C:\Users\Marie\Google Drive\Poly\2e session\Inf1010\INF1010 TP1\INF1010 TP1\Debug\link-cvtres.read.1.tlog
C:\Users\Marie\Google Drive\Poly\2e session\Inf1010\INF1010 TP1\INF1010 TP1\Debug\link-cvtres.write.1.tlog
C:\Users\Marie\Google Drive\Poly\2e session\Inf1010\INF1010 TP1\INF1010 TP1\Debug\link-rc.read.1.tlog
C:\Users\Marie\Google Drive\Poly\2e session\Inf1010\INF1010 TP1\INF1010 TP1\Debug\link-rc.write.1.tlog
C:\Users\Marie\Google Drive\Poly\2e session\Inf1010\INF1010 TP1\INF1010 TP1\Debug\link.command.1.tlog
C:\Users\Marie\Google Drive\Poly\2e session\Inf1010\INF1010 TP1\INF1010 TP1\Debug\link.read.1.tlog
C:\Users\Marie\Google Drive\Poly\2e session\Inf1010\INF1010 TP1\INF1010 TP1\Debug\link.write.1.tlog
C:\Users\Marie\Google Drive\Poly\2e session\Inf1010\INF1010 TP1\INF1010 TP1\Debug\vc110.idb
C:\Users\Marie\Google Drive\Poly\2e session\Inf1010\INF1010 TP1\INF1010 TP1\Debug\vc110.pdb
C:\Users\Marie\Google Drive\Poly\2e session\Inf1010\INF1010 TP1\Debug\INF1010 TP1.pdb
C:\Users\Marie\Google Drive\Poly\2e session\Inf1010\INF1010 TP1\Debug\INF1010 TP1.exe
C:\Users\Marie\Google Drive\Poly\2e session\Inf1010\INF1010 TP1\Debug\INF1010 TP1.ilk
