La génération a démarré 2013-03-20 12:20:57.
     1>Projet "C:\Users\Marie\Google Drive\Poly\2e session\Inf1010\TPs\TP5\Inf1010-TP5\Inf1010-TP5\Inf1010-TP5.vcxproj" sur le nœud 2 (Build cible(s)).
     1>ClCompile:
         C:\Program Files (x86)\Microsoft Visual Studio 11.0\VC\bin\CL.exe /c /ZI /nologo /W3 /WX- /Od /Oy- /D WIN32 /D _DEBUG /D _CONSOLE /D _UNICODE /D UNICODE /Gm /EHsc /RTC1 /MDd /GS /fp:precise /Zc:wchar_t /Zc:forScope /Fo"Debug\\" /Fd"Debug\vc110.pdb" /Gd /TP /analyze- /errorReport:prompt Ordinateur.cpp main.cpp
         main.cpp
         Génération de code en cours...
         Compilation en cours...
         Ordinateur.cpp
         Génération de code en cours...
       Link:
         C:\Program Files (x86)\Microsoft Visual Studio 11.0\VC\bin\link.exe /ERRORREPORT:PROMPT /OUT:"C:\Users\Marie\Google Drive\Poly\2e session\Inf1010\TPs\TP5\Inf1010-TP5\Debug\Inf1010-TP5.exe" /INCREMENTAL /NOLOGO kernel32.lib user32.lib gdi32.lib winspool.lib comdlg32.lib advapi32.lib shell32.lib ole32.lib oleaut32.lib uuid.lib odbc32.lib odbccp32.lib /MANIFEST /MANIFESTUAC:"level='asInvoker' uiAccess='false'" /manifest:embed /DEBUG /PDB:"C:\Users\Marie\Google Drive\Poly\2e session\Inf1010\TPs\TP5\Inf1010-TP5\Debug\Inf1010-TP5.pdb" /SUBSYSTEM:CONSOLE /TLBID:1 /DYNAMICBASE /NXCOMPAT /IMPLIB:"C:\Users\Marie\Google Drive\Poly\2e session\Inf1010\TPs\TP5\Inf1010-TP5\Debug\Inf1010-TP5.lib" /MACHINE:X86 Debug\main.obj
         Debug\Message.obj
         Debug\Ordinateur.obj
         Debug\Reseau.obj
         Debug\ReseauListe.obj
         Debug\ReseauMap.obj
         Inf1010-TP5.vcxproj -> C:\Users\Marie\Google Drive\Poly\2e session\Inf1010\TPs\TP5\Inf1010-TP5\Debug\Inf1010-TP5.exe
     1>Génération du projet "C:\Users\Marie\Google Drive\Poly\2e session\Inf1010\TPs\TP5\Inf1010-TP5\Inf1010-TP5\Inf1010-TP5.vcxproj" terminée (Build cible(s)).

La génération a réussi.

Temps écoulé 00:00:03.79
